<?xml version="1.0" encoding="UTF-8"?>
<!-- Generated by org.testng.reporters.JUnitReportReporter -->
<testsuite hostname="senyuks-a" failures="0" tests="1" name="diaceutics.cucumber.runners.TestRunner" time="11.832" errors="0" timestamp="2020-06-17T15:05:51 MSK" skipped="0">
  <testcase classname="diaceutics.cucumber.runners.TestRunner" name="runScenario" time="11.832"/>
  <system-out/>
</testsuite> <!-- diaceutics.cucumber.runners.TestRunner -->
